<?xml version="1.0" encoding="UTF-8"?>
<!-- Generated by org.testng.reporters.JUnitReportReporter -->
<testsuite hostname="DESKTOP-2SH2LKO" failures="0" tests="1" name="com.bankrate.HomePage.HomePage" time="14.877" errors="0" timestamp="2024-03-01T17:29:37 EST" skipped="0">
  <testcase classname="com.bankrate.HomePage.HomePage" name="homePage" time="14.877"/>
  <system-out/>
</testsuite> <!-- com.bankrate.HomePage.HomePage -->
